<?xml version="1.0" encoding="UTF-8"?>
<testsuite xmlns:xsi="http://www.w3.org/2001/XMLSchema-instance" xsi:noNamespaceSchemaLocation="https://maven.apache.org/surefire/maven-surefire-plugin/xsd/surefire-test-report.xsd" name="dao.PropertyDAOTest" time="0.538" tests="1" errors="1" skipped="0" failures="0">
  <properties>
[...]
</properties>
  <testcase name="testPropertyDAO" classname="dao.PropertyDAOTest" time="0.538">
    <error type="java.lang.NullPointerException">java.lang.NullPointerException
	at dao.PropertyDAOTest.testPropertyDAO(PropertyDAOTest.java:14)
</error>
  </testcase>
</testsuite>